This is TeX, C Version 3.14t3 (format=lplain 92.9.27)  27 MAY 1994 09:50
**&lplain main.tex
(main.tex
LaTeX Version 2.09 <7 Dec 1989>
(/usr/src/Tex/lib.sun4/macros/article.sty
Document Style `article' <16 Mar 88>.
(/usr/src/Tex/lib.sun4/macros/art11.sty)
\c@part=\count79
\c@section=\count80
\c@subsection=\count81
\c@subsubsection=\count82
\c@paragraph=\count83
\c@subparagraph=\count84
\c@figure=\count85
\c@table=\count86
) (/home/heeger/text/lib/spacing.sty)
(/usr/src/Tex/lib.sun4/macros/makeidx.sty)
\@indexfile=\write3

Writing index file main.idx 
\cw=\skip41
(main.aux (copyright.aux) (intro.aux) (organization.aux) (viewables.aux)
(pictures.aux) (operations.aux) (data-analysis.aux) (user-interface.aux)
(hacking.aux) (install.aux) (release-notes.aux) (bugs.aux)) [0

] [0] (main.toc
[1] [2] [3] [4])
\tf@toc=\write4
 [5] (copyright.tex [6

]) (intro.tex [7


]
Overfull \hbox (158.87451pt too wide) in paragraph at lines 103--107
[]\elvrm At this point, new users go through the OB-VIUS tu-to-rial in the file
 \elvtt <obv>/tutorials/obvius/obvius-tutorial.lisp\elvrm .

\hbox(7.60416+2.43333)x433.62, glue set - 1.0
.\hbox(0.0+0.0)x28.90755
.\elvrm A
.\kern-0.30418
.\elvrm t
.\glue 3.65 plus 1.825 minus 1.21666
.etc.


Overfull \hbox (60.7002pt too wide) in paragraph at lines 108--116
\elvrm loads the ap-pro-pri-ate win-dow sys-tem code. The de-fault ver-sion is 
in ``\elvtt <obv>/lucid-window-init.lisp\elvrm ''. 

\hbox(7.60416+2.43333)x433.62, glue set - 1.0
.\elvrm l
.\elvrm o
.\elvrm a
.\elvrm d
.\elvrm s
.etc.

[8]) [9] (organization.tex [10


] [11] [12] [13] [14] [15]
Overfull \hbox (20.42003pt too wide) in paragraph at lines 398--401
[]\elvrm The value of the zoom pa-ram-e-ter may be changed from the \elvtt Curr
ent Picture Parameters

\hbox(7.60416+2.12917)x433.62, glue set - 1.0
.\hbox(0.0+0.0)x28.90755
.\elvrm T
.\elvrm h
.\elvrm e
.\glue 3.65 plus 1.825 minus 1.21666
.etc.


Underfull \vbox (badness 3884) has occurred while \output is active
\vbox(628.74878+0.0)x433.62, glue set 3.38855
.\glue(\topskip) 2.39584
.\hbox(7.60416+2.43333)x406.24493, glue set 258.55838fil, shifted 27.37506
..\hbox(0.0+0.0)x0.0
..\glue 0.0
..\hbox(0.0+0.0)x-21.90005
...\glue -27.37506
...\glue 0.0
...\glue -5.475
...\hbox(0.0+0.0)x5.475 []
...\glue 5.475
..\penalty 0
..\elvtt (
..etc.
.\penalty 10000
.\glue(\baselineskip) 4.24255
.\hbox(7.60416+2.12917)x406.24493, glue set - 0.07887, shifted 27.37506
..\elvrm R
..\elvrm e
..\elvrm t
..\elvrm u
..\elvrm r
..etc.
.etc.

 [16]
[17]
Overfull \hbox (1.3887pt too wide) in paragraph at lines 509--517
[] []\elvtt (\elvbf save-image \elvtt image path &key element-type auto-scale r
everse-bytes df-keys) [] 

\hbox(7.60416+2.43333)x406.24493, glue set - 1.0
.\hbox(0.0+0.0)x0.0
.\glue 0.0
.\hbox(0.0+0.0)x-21.90005
..\glue -27.37506
..\glue 0.0
..\glue -5.475
..\hbox(0.0+0.0)x5.475
...\glue 5.475
..\glue 5.475
.\penalty 0
.\elvtt (
.etc.

[18]
Overfull \hbox (10.45274pt too wide) in paragraph at lines 539--543
[] []\elvtt (\elvbf save-image \elvtt sequence path &key element-type auto-scal
e reverse-bytes df-keys

\hbox(7.60416+2.43333)x406.24493
.\hbox(0.0+0.0)x0.0
.\glue 0.0
.\hbox(0.0+0.0)x-21.90005
..\glue -27.37506
..\glue 0.0
..\glue -5.475
..\hbox(0.0+0.0)x5.475
...\glue 5.475
..\glue 5.475
.\penalty 0
.\elvtt (
.etc.

[19]) [20] (viewables.tex [21


] [22]
Overfull \hbox (0.72896pt too wide) in paragraph at lines 142--146
\elvrm Images may be dis-played as \elvtt gray \elvrm (see sec-tion 5.2[]), \el
vtt dither \elvrm (see sec-tion 5.3[]), as \elvtt surface-plot

\hbox(8.2125+2.73749)x433.62, glue set - 1.0
.\elvrm I
.\elvrm m
.\elvrm a
.\elvrm g
.\elvrm e
.etc.

[23]
Overfull \hbox (34.61029pt too wide) in paragraph at lines 171--177
\elvrm The view-ables \elvtt discrete-function[]\elvrm , \elvtt periodic-discre
te-function[]\elvrm , and \elvtt log-discrete-function[]

\hbox(7.60416+2.43333)x433.62, glue set - 1.0
.\elvrm T
.\elvrm h
.\elvrm e
.\glue 3.65 plus 1.825 minus 1.21666
.\elvrm v
.etc.


Overfull \hbox (12.91678pt too wide) in paragraph at lines 197--204
[] []\elvtt (\elvbf make-discrete-function \elvtt func min max &key size interp
olator endpoint name ->)

\hbox(7.60416+2.43333)x406.24493
.\hbox(0.0+0.0)x0.0
.\glue 0.0
.\hbox(0.0+0.0)x-21.90005
..\glue -27.37506
..\glue 0.0
..\glue -5.475
..\hbox(0.0+0.0)x5.475
...\glue 5.475
..\glue 5.475
.\penalty 0
.\elvtt (
.etc.


Overfull \hbox (9.91336pt too wide) in paragraph at lines 206--209
[] []\elvtt (\elvbf make-periodic-discrete-function \elvtt func min max &key si
ze interpolator endpoint

\hbox(7.60416+2.43333)x406.24493
.\hbox(0.0+0.0)x0.0
.\glue 0.0
.\hbox(0.0+0.0)x-21.90005
..\glue -27.37506
..\glue 0.0
..\glue -5.475
..\hbox(0.0+0.0)x5.475
...\glue 5.475
..\glue 5.475
.\penalty 0
.\elvtt (
.etc.


Overfull \hbox (10.2098pt too wide) in paragraph at lines 211--213
[] []\elvtt (\elvbf make-log-discrete-function \elvtt func min max &key size ba
se interpolator endpoint

\hbox(7.60416+2.43333)x406.24493
.\hbox(0.0+0.0)x0.0
.\glue 0.0
.\hbox(0.0+0.0)x-21.90005
..\glue -27.37506
..\glue 0.0
..\glue -5.475
..\hbox(0.0+0.0)x5.475
...\glue 5.475
..\glue 5.475
.\penalty 0
.\elvtt (
.etc.

[24]
Overfull \hbox (34.73128pt too wide) in paragraph at lines 233--241
\elvtt greater-than\elvrm , \elvtt less-than\elvrm , \elvtt equal-to\elvrm , \e
lvtt greater-than-or-equal-to\elvrm , and \elvtt less-than-or-equal-to

\hbox(7.60416+2.43333)x433.62, glue set - 1.0
.\elvtt g
.\elvtt r
.\elvtt e
.\elvtt a
.\elvtt t
.etc.

[25] [26] [27]
Overfull \hbox (5.31078pt too wide) in paragraph at lines 414--421
\elvtt Viewable-matrices \elvrm con-tain an ar-rays of sub-viewables. The \elvt
t data \elvrm slot of a \elvtt viewable-matrix

\hbox(7.60416+2.12917)x433.62, glue set - 1.0
.\elvtt V
.\elvtt i
.\elvtt e
.\elvtt w
.\elvtt a
.etc.


Overfull \hbox (20.6105pt too wide) in paragraph at lines 414--421
\elvrm is the ar-ray of sub-viewables. A num-ber of other view-able types in-he
rit from \elvtt viewable-matrices

\hbox(7.60416+2.12917)x433.62, glue set - 1.0
.\elvrm i
.\elvrm s
.\glue 3.65 plus 1.825 minus 1.21666
.\elvrm t
.\elvrm h
.etc.

) [28] (pictures.tex [29


]
Overfull \hbox (6.90468pt too wide) in paragraph at lines 64--77
[]\elvrm OBVIUS will make use of the gray shades avail-able. The screen pa-ram-
e-ter \elvtt gray-dither[]

\hbox(7.60416+2.43333)x433.62, glue set - 1.0
.\hbox(0.0+0.0)x28.90755
.\elvrm O
.\elvrm B
.\elvrm V
.\elvrm I
.etc.


Overfull \hbox (5.6733pt too wide) in paragraph at lines 107--110
\elvrm The \elvtt bitmap []\elvrm pic-ture sub-class, de-fined in the file \elv
bf gray.lisp\elvrm , are used for dis-play-ing \elvtt bit-images\elvrm .

\hbox(7.60416+2.43333)x433.62, glue set - 1.0
.\elvrm T
.\elvrm h
.\elvrm e
.\glue 3.65 plus 1.825 minus 1.21666
.\elvtt b
.etc.

[30]
Overfull \hbox (6.20055pt too wide) in paragraph at lines 156--161
\elvtt color-images\elvrm , \elvtt gaussian-pyramids\elvrm , \elvtt laplacian-p
yramids\elvrm , \elvtt image-pairs\elvrm , \elvtt complex-images\elvrm ,

\hbox(6.69167+2.43333)x433.62, glue set - 1.0
.\elvtt c
.\elvtt o
.\elvtt l
.\elvtt o
.\elvtt r
.etc.

[31]
Overfull \hbox (24.9899pt too wide) in paragraph at lines 182--187
\elvrm pic-tures of im-ages, if \elvtt independent-parameters \elvrm is nil. Th
at is, if \elvtt independent-parameters

\hbox(7.60416+2.43333)x406.24493, glue set - 1.0
.\elvrm p
.\elvrm i
.\elvrm c
.\discretionary
..\elvrm -
.\elvrm t
.etc.


Overfull \hbox (48.13701pt too wide) in paragraph at lines 191--196
\elvrm gray pic-tures of im-ages, if \elvtt independent-parameters \elvrm is ni
l. That is, if \elvtt independent-parameters

\hbox(7.60416+2.43333)x406.24493, glue set - 1.0
.\elvrm g
.\elvrm r
.\elvrm a
.\kern-0.30418
.\elvrm y
.etc.

[32]
Overfull \hbox (9.83977pt too wide) in paragraph at lines 323--327
\elvtt vector-field []\elvrm pic-tures, de-fined in the file \elvbf draw-ing.li
sp\elvrm , may be used to dis-play \elvtt image-pairs\elvrm .

\hbox(7.60416+2.43333)x433.62, glue set - 1.0
.\elvtt v
.\elvtt e
.\elvtt c
.\elvtt t
.\elvtt o
.etc.

[33] [34]
Overfull \hbox (59.8749pt too wide) in paragraph at lines 439--443
\elvrm The \elvtt polar-plot []\elvrm pic-tures, de-fined in the file \elvbf dr
aw-ing.lisp\elvrm , may be used to dis-play \elvtt discrete-functions\elvrm .

\hbox(7.60416+2.43333)x433.62, glue set - 1.0
.\elvrm T
.\elvrm h
.\elvrm e
.\glue 3.65 plus 1.825 minus 1.21666
.\elvtt p
.etc.

[35]
Overfull \hbox (12.22522pt too wide) in paragraph at lines 510--515
\elvrm The \elvtt flipbook []\elvrm s are the stan-dard dis-play type for \elvt
t viewable-sequences \elvrm and \elvtt image-sequences\elvrm .

\hbox(7.60416+2.43333)x433.62, glue set - 1.0
.\elvrm T
.\elvrm h
.\elvrm e
.\glue 3.65 plus 1.825 minus 1.21666
.\elvtt f
.etc.

[36]
Overfull \hbox (72.82832pt too wide) in paragraph at lines 560--571
[]\elvrm The pa-ram-e-ters for the in-di-vid-ual sub-pictures may be set in-de-
pen-dently if \elvtt independent-parameters

\hbox(7.60416+2.43333)x433.62, glue set - 1.0
.\hbox(0.0+0.0)x28.90755
.\elvrm T
.\elvrm h
.\elvrm e
.\glue 3.65 plus 1.825 minus 1.21666
.etc.

[37] [38]
Overfull \hbox (62.44336pt too wide) in paragraph at lines 654--656
[] []\elvtt *default-printer*[] \elvrm -- Name of postscript printer, to be in-
serted into the \elvtt *print-command-string*

\hbox(7.60416+2.43333)x406.24493, glue set - 1.0
.\hbox(0.0+0.0)x0.0
.\glue 0.0
.\hbox(4.86667+0.0)x0.0
..\glue 0.0
..\glue -21.90005
..\glue -5.475
..\hbox(4.86667+0.0)x21.90005, glue set 21.90005fil
...\glue 0.0 plus 1.0fil minus 1.0fil
...\hbox(4.86667+0.0)x0.0, glue set - 5.475fil []
..\glue 5.475
.\penalty 0
.\elvtt *
.etc.

) [39] (operations.tex
Overfull \hbox (32.02371pt too wide) in paragraph at lines 54--62
\elvtt round. truncate. floor. sin. cos. min. max. average. realpart. imagpart.


\hbox(6.69167+2.43333)x433.62
.\elvtt r
.\elvtt o
.\elvtt u
.\elvtt n
.\elvtt d
.etc.

[40


]
Underfull \hbox (badness 10000) in paragraph at lines 85--86


\hbox(0.0+0.0)x406.24493
.\glue(\rightskip) 0.0


Underfull \hbox (badness 10000) in paragraph at lines 87--88


\hbox(0.0+0.0)x406.24493
.\glue(\rightskip) 0.0

[41]
Underfull \hbox (badness 10000) in paragraph at lines 138--139


\hbox(0.0+0.0)x406.24493
.\glue(\rightskip) 0.0


Underfull \hbox (badness 10000) in paragraph at lines 157--158


\hbox(0.0+0.0)x406.24493
.\glue(\rightskip) 0.0


Underfull \hbox (badness 10000) in paragraph at lines 159--160


\hbox(0.0+0.0)x406.24493
.\glue(\rightskip) 0.0


Overfull \hbox (2.8564pt too wide) in paragraph at lines 162--165
[] []\elvtt (\elvbf make-sin-grating \elvtt dims &key period orientation phase 
amplitude dc frequency

\hbox(7.60416+2.43333)x406.24493
.\hbox(0.0+0.0)x0.0
.\glue 0.0
.\hbox(0.0+0.0)x-21.90005
..\glue -27.37506
..\glue 0.0
..\glue -5.475
..\hbox(0.0+0.0)x5.475
...\glue 5.475
..\glue 5.475
.\penalty 0
.\elvtt (
.etc.

[42]
Underfull \hbox (badness 10000) in paragraph at lines 185--186


\hbox(0.0+0.0)x406.24493
.\glue(\rightskip) 0.0


Underfull \hbox (badness 10000) in paragraph at lines 187--188


\hbox(0.0+0.0)x406.24493
.\glue(\rightskip) 0.0


Underfull \hbox (badness 10000) in paragraph at lines 189--190


\hbox(0.0+0.0)x406.24493
.\glue(\rightskip) 0.0


Underfull \hbox (badness 10000) in paragraph at lines 191--192


\hbox(0.0+0.0)x406.24493
.\glue(\rightskip) 0.0


Overfull \hbox (28.95569pt too wide) in paragraph at lines 196--200
\elvrm Approximation to nor-mal dis-tri-bu-tion that is faster than us-ing \elv
tt make-normal-random-image\elvrm .

\hbox(7.60416+2.43333)x406.24493, glue set - 1.0
.\elvrm A
.\elvrm p
.\elvrm p
.\elvrm r
.\elvrm o
.etc.


Underfull \hbox (badness 10000) in paragraph at lines 204--205


\hbox(0.0+0.0)x406.24493
.\glue(\rightskip) 0.0

[43]
Underfull \hbox (badness 10000) in paragraph at lines 214--215


\hbox(0.0+0.0)x406.24493
.\glue(\rightskip) 0.0


Overfull \hbox (1.3887pt too wide) in paragraph at lines 215--216
[] []\elvtt (\elvbf save-image \elvtt image path &key element-type auto-scale r
everse-bytes df-keys) [] 

\hbox(7.60416+2.43333)x406.24493, glue set - 1.0
.\hbox(0.0+0.0)x0.0
.\glue 0.0
.\hbox(0.0+0.0)x-21.90005
..\glue -27.37506
..\glue 0.0
..\glue -5.475
..\hbox(0.0+0.0)x5.475
...\glue 5.475
..\glue 5.475
.\penalty 0
.\elvtt (
.etc.


Underfull \hbox (badness 10000) in paragraph at lines 215--216


\hbox(0.0+0.0)x406.24493
.\glue(\rightskip) 0.0


Underfull \hbox (badness 10000) in paragraph at lines 216--217


\hbox(0.0+0.0)x406.24493
.\glue(\rightskip) 0.0


Overfull \hbox (10.45274pt too wide) in paragraph at lines 217--218
[] []\elvtt (\elvbf save-image \elvtt sequence path &key element-type auto-scal
e reverse-bytes df-keys

\hbox(7.60416+2.43333)x406.24493
.\hbox(0.0+0.0)x0.0
.\glue 0.0
.\hbox(0.0+0.0)x-21.90005
..\glue -27.37506
..\glue 0.0
..\glue -5.475
..\hbox(0.0+0.0)x5.475
...\glue 5.475
..\glue 5.475
.\penalty 0
.\elvtt (
.etc.


Underfull \hbox (badness 10000) in paragraph at lines 217--218


\hbox(0.0+0.0)x406.24493
.\glue(\rightskip) 0.0

[44] [45]
Overfull \hbox (75.34113pt too wide) in paragraph at lines 316--318
\elvrm If the func-tion be-ing ap-plied is pe-ri-odic, it is ad-vis-able to use
 the func-tion \elvtt periodic-point-operation

\hbox(7.60416+2.43333)x406.24493, glue set - 1.0
.\elvrm I
.\elvrm f
.\glue 3.65 plus 1.825 minus 1.21666
.\elvrm t
.\elvrm h
.etc.

[46] [47]
Underfull \hbox (badness 10000) in paragraph at lines 440--441


\hbox(0.0+0.0)x406.24493
.\glue(\rightskip) 0.0


Underfull \hbox (badness 10000) in paragraph at lines 448--449


\hbox(0.0+0.0)x406.24493
.\glue(\rightskip) 0.0


Underfull \hbox (badness 10000) in paragraph at lines 449--450


\hbox(0.0+0.0)x406.24493
.\glue(\rightskip) 0.0


Underfull \hbox (badness 10000) in paragraph at lines 450--451


\hbox(0.0+0.0)x406.24493
.\glue(\rightskip) 0.0

[48]
Underfull \hbox (badness 10000) in paragraph at lines 495--496


\hbox(0.0+0.0)x406.24493
.\glue(\rightskip) 0.0


Underfull \hbox (badness 10000) in paragraph at lines 496--497


\hbox(0.0+0.0)x406.24493
.\glue(\rightskip) 0.0


Underfull \hbox (badness 10000) in paragraph at lines 497--498


\hbox(0.0+0.0)x406.24493
.\glue(\rightskip) 0.0

[49] [50]
Underfull \hbox (badness 10000) in paragraph at lines 632--633


\hbox(0.0+0.0)x406.24493
.\glue(\rightskip) 0.0


Underfull \hbox (badness 10000) in paragraph at lines 633--634


\hbox(0.0+0.0)x406.24493
.\glue(\rightskip) 0.0

[51]
Underfull \hbox (badness 10000) in paragraph at lines 634--635


\hbox(0.0+0.0)x406.24493
.\glue(\rightskip) 0.0


Underfull \hbox (badness 10000) in paragraph at lines 639--640


\hbox(0.0+0.0)x406.24493
.\glue(\rightskip) 0.0


Underfull \hbox (badness 10000) in paragraph at lines 644--645


\hbox(0.0+0.0)x406.24493
.\glue(\rightskip) 0.0


Underfull \hbox (badness 10000) in paragraph at lines 645--646


\hbox(0.0+0.0)x406.24493
.\glue(\rightskip) 0.0


Underfull \hbox (badness 10000) in paragraph at lines 646--647


\hbox(0.0+0.0)x406.24493
.\glue(\rightskip) 0.0


Underfull \hbox (badness 10000) in paragraph at lines 647--648


\hbox(0.0+0.0)x406.24493
.\glue(\rightskip) 0.0

[52]
Underfull \hbox (badness 10000) in paragraph at lines 688--689


\hbox(0.0+0.0)x406.24493
.\glue(\rightskip) 0.0


Underfull \hbox (badness 10000) in paragraph at lines 693--694


\hbox(0.0+0.0)x406.24493
.\glue(\rightskip) 0.0


Underfull \hbox (badness 10000) in paragraph at lines 694--695


\hbox(0.0+0.0)x406.24493
.\glue(\rightskip) 0.0

[53]
Underfull \hbox (badness 10000) in paragraph at lines 732--733


\hbox(0.0+0.0)x406.24493
.\glue(\rightskip) 0.0


Underfull \hbox (badness 10000) in paragraph at lines 744--745


\hbox(0.0+0.0)x406.24493
.\glue(\rightskip) 0.0


Overfull \hbox (9.4589pt too wide) in paragraph at lines 761--766
\elvrm Most of the im-age pro-cess-ing func-tions (listed above) are also de-fi
ned for \elvtt discrete-functions

\hbox(8.2125+2.73749)x433.62, glue set - 1.0
.\elvrm M
.\elvrm o
.\elvrm s
.\elvrm t
.\glue 3.65 plus 1.825 minus 1.21666
.etc.


Overfull \hbox (7.16809pt too wide) in paragraph at lines 767--773
[] []\elvtt (\elvbf make-discrete-function \elvtt func min max &key size interp
olator display-type ->)

\hbox(7.60416+2.43333)x406.24493
.\hbox(0.0+0.0)x0.0
.\glue 0.0
.\hbox(0.0+0.0)x-21.90005
..\glue -27.37506
..\glue 0.0
..\glue -5.475
..\hbox(0.0+0.0)x5.475
...\glue 5.475
..\glue 5.475
.\penalty 0
.\elvtt (
.etc.

[54]
Underfull \hbox (badness 10000) in paragraph at lines 811--812


\hbox(0.0+0.0)x406.24493
.\glue(\rightskip) 0.0


Overfull \hbox (9.1756pt too wide) in paragraph at lines 823--826
[] []\elvtt (\elvbf make-viewable-sequence \elvtt list &key length sub-viewable
-spec display-type ->)

\hbox(7.60416+2.43333)x406.24493
.\hbox(0.0+0.0)x0.0
.\glue 0.0
.\hbox(0.0+0.0)x-21.90005
..\glue -27.37506
..\glue 0.0
..\glue -5.475
..\hbox(0.0+0.0)x5.475
...\glue 5.475
..\glue 5.475
.\penalty 0
.\elvtt (
.etc.

[55]
Underfull \hbox (badness 10000) in paragraph at lines 836--837


\hbox(0.0+0.0)x406.24493
.\glue(\rightskip) 0.0


Underfull \hbox (badness 10000) in paragraph at lines 837--838


\hbox(0.0+0.0)x406.24493
.\glue(\rightskip) 0.0


Underfull \hbox (badness 10000) in paragraph at lines 846--847


\hbox(0.0+0.0)x406.24493
.\glue(\rightskip) 0.0


Underfull \hbox (badness 10000) in paragraph at lines 847--848


\hbox(0.0+0.0)x406.24493
.\glue(\rightskip) 0.0


Underfull \hbox (badness 10000) in paragraph at lines 859--860


\hbox(0.0+0.0)x406.24493
.\glue(\rightskip) 0.0

[56]
Overfull \hbox (8.18114pt too wide) in paragraph at lines 874--876
[] []\elvtt (\elvbf make-synthetic-image-sequence\elvtt dims func &key length x
-range y-rante z-range

\hbox(7.60416+2.43333)x406.24493
.\hbox(0.0+0.0)x0.0
.\glue 0.0
.\hbox(0.0+0.0)x-21.90005
..\glue -27.37506
..\glue 0.0
..\glue -5.475
..\hbox(0.0+0.0)x5.475
...\glue 5.475
..\glue 5.475
.\penalty 0
.\elvtt (
.etc.


Overfull \hbox (57.6259pt too wide) in paragraph at lines 904--907
\elvrm Calls \elvtt (matrix-mul-transpose color-image array ->->)\elvrm . See t
he sec-tion on \elvtt viewable-matrix

\hbox(7.60416+2.43333)x406.24493, glue set - 1.0
.\elvrm C
.\elvrm a
.\elvrm l
.\elvrm l
.\elvrm s
.etc.

[57]
Underfull \hbox (badness 10000) in paragraph at lines 984--985


\hbox(0.0+0.0)x406.24493
.\glue(\rightskip) 0.0

[58]
Underfull \hbox (badness 10000) in paragraph at lines 986--987


\hbox(0.0+0.0)x406.24493
.\glue(\rightskip) 0.0


Underfull \hbox (badness 10000) in paragraph at lines 988--989


\hbox(0.0+0.0)x406.24493
.\glue(\rightskip) 0.0


Underfull \hbox (badness 10000) in paragraph at lines 999--1000


\hbox(0.0+0.0)x406.24493
.\glue(\rightskip) 0.0


Underfull \hbox (badness 10000) in paragraph at lines 1001--1002


\hbox(0.0+0.0)x406.24493
.\glue(\rightskip) 0.0


Underfull \hbox (badness 10000) in paragraph at lines 1003--1004


\hbox(0.0+0.0)x406.24493
.\glue(\rightskip) 0.0


Underfull \hbox (badness 10000) in paragraph at lines 1005--1006


\hbox(0.0+0.0)x406.24493
.\glue(\rightskip) 0.0


Underfull \hbox (badness 10000) in paragraph at lines 1007--1008


\hbox(0.0+0.0)x406.24493
.\glue(\rightskip) 0.0


Overfull \hbox (56.48637pt too wide) in paragraph at lines 1015--1017
[] []\elvtt (\elvbf make-filter \elvtt kernel &key display-type edge-handler st
art-vector step-vector hex-start

\hbox(7.60416+2.43333)x406.24493
.\hbox(0.0+0.0)x0.0
.\glue 0.0
.\hbox(0.0+0.0)x-21.90005
..\glue -27.37506
..\glue 0.0
..\glue -5.475
..\hbox(0.0+0.0)x5.475
...\glue 5.475
..\glue 5.475
.\penalty 0
.\elvtt (
.etc.


Overfull \hbox (48.87645pt too wide) in paragraph at lines 1018--1020
[] []\elvtt (\elvbf make-separable-filter \elvtt y-kernel x-kernel &key display
-type edge-handler start-vector

\hbox(7.60416+2.43333)x406.24493
.\hbox(0.0+0.0)x0.0
.\glue 0.0
.\hbox(0.0+0.0)x-21.90005
..\glue -27.37506
..\glue 0.0
..\glue -5.475
..\hbox(0.0+0.0)x5.475
...\glue 5.475
..\glue 5.475
.\penalty 0
.\elvtt (
.etc.


Underfull \hbox (badness 10000) in paragraph at lines 1021--1022


\hbox(0.0+0.0)x406.24493
.\glue(\rightskip) 0.0


Underfull \hbox (badness 10000) in paragraph at lines 1023--1024


\hbox(0.0+0.0)x406.24493
.\glue(\rightskip) 0.0


Underfull \hbox (badness 10000) in paragraph at lines 1025--1026


\hbox(0.0+0.0)x406.24493
.\glue(\rightskip) 0.0

[59]
Underfull \hbox (badness 10000) in paragraph at lines 1030--1031


\hbox(0.0+0.0)x406.24493
.\glue(\rightskip) 0.0


Underfull \hbox (badness 10000) in paragraph at lines 1032--1033


\hbox(0.0+0.0)x406.24493
.\glue(\rightskip) 0.0


Underfull \hbox (badness 10000) in paragraph at lines 1034--1035


\hbox(0.0+0.0)x406.24493
.\glue(\rightskip) 0.0


Underfull \hbox (badness 10000) in paragraph at lines 1036--1037


\hbox(0.0+0.0)x406.24493
.\glue(\rightskip) 0.0


Overfull \hbox (17.60687pt too wide) in paragraph at lines 1065--1074
\elvtt abs-error\elvrm , \elvtt linear-xform\elvrm , \elvtt clip\elvrm , \elvtt
 abs-value\elvrm , \elvtt square\elvrm , \elvtt square-root\elvrm , \elvtt zero
!\elvrm , \elvtt point-operation\elvrm ,

\hbox(6.69167+2.43333)x433.62, glue set - 1.0
.\elvtt a
.\elvtt b
.\elvtt s
.\elvtt -
.\elvtt e
.etc.


Overfull \hbox (23.41626pt too wide) in paragraph at lines 1065--1074
\elvtt apply-filter\elvrm , \elvtt expand-filter\elvrm , \elvtt blur\elvrm , \e
lvtt greater-than\elvrm , \elvtt greater-than-or-equal-to\elvrm , \elvtt less-t
han\elvrm ,

\hbox(6.69167+2.43333)x433.62, glue set - 1.0
.\elvtt a
.\elvtt p
.\elvtt p
.\elvtt l
.\elvtt y
.etc.

[60]
Overfull \hbox (87.61716pt too wide) in paragraph at lines 1075--1079
\elvrm pyra-mids, and qmf-pyramids. Take a look at \elvtt <obv>/tutorials/image
-processing/pyramid-tutorial.lisp

\hbox(7.60416+2.43333)x433.62, glue set - 1.0
.\elvrm p
.\kern-0.30418
.\elvrm y
.\elvrm r
.\elvrm a
.etc.


Underfull \hbox (badness 10000) in paragraph at lines 1085--1086


\hbox(0.0+0.0)x406.24493
.\glue(\rightskip) 0.0


Overfull \hbox (53.63512pt too wide) in paragraph at lines 1088--1091
[] []\elvtt (\elvbf make-laplacian-pyramid \elvtt image &key level display-type
 forward-filter inverse-filter

\hbox(7.60416+2.43333)x406.24493
.\hbox(0.0+0.0)x0.0
.\glue 0.0
.\hbox(0.0+0.0)x-21.90005
..\glue -27.37506
..\glue 0.0
..\glue -5.475
..\hbox(0.0+0.0)x5.475
...\glue 5.475
..\glue 5.475
.\penalty 0
.\elvtt (
.etc.


Underfull \hbox (badness 10000) in paragraph at lines 1092--1093


\hbox(0.0+0.0)x406.24493
.\glue(\rightskip) 0.0


Overfull \hbox (30.06412pt too wide) in paragraph at lines 1095--1100
[] []\elvtt (\elvbf make-separable-qmf-pyramid \elvtt image &key level display-
type lo-filt edge-handler

\hbox(7.60416+2.43333)x406.24493
.\hbox(0.0+0.0)x0.0
.\glue 0.0
.\hbox(0.0+0.0)x-21.90005
..\glue -27.37506
..\glue 0.0
..\glue -5.475
..\hbox(0.0+0.0)x5.475
...\glue 5.475
..\glue 5.475
.\penalty 0
.\elvtt (
.etc.


Underfull \hbox (badness 10000) in paragraph at lines 1101--1102


\hbox(0.0+0.0)x406.24493
.\glue(\rightskip) 0.0

[61] [62] [63]
Underfull \hbox (badness 10000) in paragraph at lines 1262--1263


\hbox(0.0+0.0)x406.24493
.\glue(\rightskip) 0.0


Underfull \hbox (badness 10000) in paragraph at lines 1276--1277


\hbox(0.0+0.0)x406.24493
.\glue(\rightskip) 0.0


Underfull \hbox (badness 10000) in paragraph at lines 1278--1279


\hbox(0.0+0.0)x406.24493
.\glue(\rightskip) 0.0


Overfull \hbox (64.93613pt too wide) in paragraph at lines 1295--1314
[] []\elvtt (\elvbf matrix-inverse \elvtt array &key dimension-limit condition-
number-limit singular-value-limit

\hbox(7.60416+2.43333)x406.24493
.\hbox(0.0+0.0)x0.0
.\glue 0.0
.\hbox(0.0+0.0)x-21.90005
..\glue -27.37506
..\glue 0.0
..\glue -5.475
..\hbox(0.0+0.0)x5.475
...\glue 5.475
..\glue 5.475
.\penalty 0
.\elvtt (
.etc.


Overfull \hbox (4.59364pt too wide) in paragraph at lines 1295--1314
\elvrm Computes the Moore-Penrose left pseudo-inverse us-ing the SVD. SVD re-tu
rns $(\elvmi W; U; V\elvrm )$

\hbox(8.2125+2.73749)x406.24493, glue set - 1.0
.\elvrm C
.\elvrm o
.\elvrm m
.\elvrm p
.\elvrm u
.etc.

[64] [65] [66]
Underfull \hbox (badness 10000) in paragraph at lines 1415--1416


\hbox(0.0+0.0)x406.24493
.\glue(\rightskip) 0.0


Underfull \hbox (badness 10000) in paragraph at lines 1417--1418


\hbox(0.0+0.0)x406.24493
.\glue(\rightskip) 0.0

[67]
Underfull \hbox (badness 10000) in paragraph at lines 1500--1501


\hbox(0.0+0.0)x406.24493
.\glue(\rightskip) 0.0


Underfull \hbox (badness 10000) in paragraph at lines 1506--1507


\hbox(0.0+0.0)x406.24493
.\glue(\rightskip) 0.0


Underfull \hbox (badness 10000) in paragraph at lines 1508--1509


\hbox(0.0+0.0)x406.24493
.\glue(\rightskip) 0.0


Underfull \hbox (badness 10000) in paragraph at lines 1510--1511


\hbox(0.0+0.0)x406.24493
.\glue(\rightskip) 0.0

[68]
Underfull \hbox (badness 10000) in paragraph at lines 1518--1519


\hbox(0.0+0.0)x406.24493
.\glue(\rightskip) 0.0


Underfull \hbox (badness 10000) in paragraph at lines 1520--1521


\hbox(0.0+0.0)x406.24493
.\glue(\rightskip) 0.0


Underfull \hbox (badness 10000) in paragraph at lines 1526--1527


\hbox(0.0+0.0)x406.24493
.\glue(\rightskip) 0.0


Underfull \hbox (badness 10000) in paragraph at lines 1532--1533


\hbox(0.0+0.0)x406.24493
.\glue(\rightskip) 0.0


Underfull \hbox (badness 10000) in paragraph at lines 1538--1539


\hbox(0.0+0.0)x406.24493
.\glue(\rightskip) 0.0


Underfull \hbox (badness 10000) in paragraph at lines 1548--1549


\hbox(0.0+0.0)x406.24493
.\glue(\rightskip) 0.0


Overfull \hbox (19.76968pt too wide) in paragraph at lines 1554--1558
\elvrm Returns a ma-trix iden-ti-cal to \elvtt matrix\elvrm , but with rows num
-bered \elvtt first-row \elvrm and \elvtt second-row

\hbox(7.60416+2.12917)x406.24493, glue set - 1.0
.\elvrm R
.\elvrm e
.\elvrm t
.\elvrm u
.\elvrm r
.etc.

[69]
Underfull \hbox (badness 10000) in paragraph at lines 1572--1573


\hbox(0.0+0.0)x406.24493
.\glue(\rightskip) 0.0


Underfull \hbox (badness 10000) in paragraph at lines 1578--1579


\hbox(0.0+0.0)x406.24493
.\glue(\rightskip) 0.0

) [70] (data-analysis.tex [71


] [72] [73]) [74] (user-interface.tex [75


]
[76] [77] [78] [79] [80] [81]
Overfull \hbox (32.40508pt too wide) in paragraph at lines 467--470
[]\elvrm The ex-ten-sions to Emacs that pro-vide this func-tion-al-ity are con-
tained in the \elvtt <emacs-source>

\hbox(7.60416+2.12917)x433.62, glue set - 1.0
.\hbox(0.0+0.0)x28.90755
.\elvrm T
.\elvrm h
.\elvrm e
.\glue 3.65 plus 1.825 minus 1.21666
.etc.

[82]) [83] (hacking.tex [84


]
Overfull \hbox (1.34923pt too wide) in paragraph at lines 96--106
[]\elvrm It is an er-ror to re-turn a tem-po-rary view-able from the body of \e
lvtt with-local-viewables\elvrm .

\hbox(7.60416+2.12917)x433.62, glue set - 1.0
.\hbox(0.0+0.0)x28.90755
.\elvrm I
.\elvrm t
.\glue 3.65 plus 1.825 minus 1.21666
.\elvrm i
.etc.


Overfull \hbox (47.72276pt too wide) in paragraph at lines 96--106
\elvrm You may, how-ever, re-turn in-fe-rior view-ables of tem-po-rary view-abl
es (even if \elvtt *auto-destroy-orphans*[]

\hbox(8.2125+2.73749)x433.62, glue set - 1.0
.\elvrm Y
.\kern-0.91252
.\elvrm o
.\elvrm u
.\glue 3.65 plus 1.825 minus 1.21666
.etc.

[85] [86] [87] [88] [89] [90] [91] [92] [93]
Overfull \hbox (45.188pt too wide) in paragraph at lines 615--619
\elvrm *standard-output*. If the value(s) be-gin printed are view-ables and \el
vtt *auto-display-viewables*[]

\hbox(8.2125+2.73749)x406.24493, glue set - 1.0
.\elvrm *
.\elvrm s
.\elvrm t
.\elvrm a
.\elvrm n
.etc.

[94] (display-calls.tex
\oldunitlength=\skip42
)
Overfull \hbox (1.13766pt too wide) in paragraph at lines 684--707
[] []\elvtt (\elvbf display \elvtt viewable &optional display-type &rest initar
gs &key pane make-new)

\hbox(7.60416+2.43333)x406.24493
.\hbox(0.0+0.0)x0.0
.\glue 0.0
.\hbox(0.0+0.0)x-21.90005
..\glue -27.37506
..\glue 0.0
..\glue -5.475
..\hbox(0.0+0.0)x5.475
...\glue 5.475
..\glue 5.475
.\penalty 0
.\elvtt (
.etc.

[95] [96] [97]
Overfull \hbox (27.59837pt too wide) in paragraph at lines 764--774
[]\elvrm The \elvtt drawable[] \elvrm pic-ture sub-class, which pro-vides a par
-ent class for \elvtt graph[]\elvrm s and \elvtt vector-field[]\elvrm s

\hbox(7.60416+2.43333)x433.62, glue set - 1.0
.\hbox(0.0+0.0)x28.90755
.\elvrm T
.\elvrm h
.\elvrm e
.\glue 3.65 plus 1.825 minus 1.21666
.etc.


Overfull \hbox (13.53232pt too wide) in paragraph at lines 794--808
\elvrm by the CLOS method \elvtt shared-initialize[] \elvrm which is called by 
both \elvtt initialize-instance[]

\hbox(7.60416+2.12917)x406.24493, glue set - 1.0
.\elvrm b
.\kern-0.30418
.\elvrm y
.\glue 3.65 plus 1.825 minus 1.21666
.\elvrm t
.etc.

[98] [99] [100]) [101] (install.tex [102


]
Overfull \hbox (4.22842pt too wide) in paragraph at lines 95--101
\elvrm The dis-tri-bu-tion con-tains sev-eral source sub-di-rec-to-ries (lisp-s
ource, c-source and emacs-

\hbox(8.2125+2.73749)x406.24493, glue set - 1.0
.\elvrm T
.\elvrm h
.\elvrm e
.\glue 3.65 plus 1.825 minus 1.21666
.\elvrm d
.etc.


Overfull \hbox (8.44556pt too wide) in paragraph at lines 113--120
\elvrm source-path*, *c-source-path*, *binary-path*. Usu-ally these will be \el
vtt <obv>\elvrm /, \elvtt <obv>\elvrm /lisp-

\hbox(8.2125+2.73749)x406.24493, glue set - 1.0
.\elvrm s
.\elvrm o
.\elvrm u
.\elvrm r
.\elvrm c
.etc.

[103]
Overfull \hbox (82.70132pt too wide) in paragraph at lines 138--142
[] []\elvrm If you are run-ning on a Sun plat-form, load LispView by typ-ing: \
elvtt (load "<lispview>/lispview.sbin")\elvrm .

\hbox(7.60416+2.43333)x406.24493, glue set - 1.0
.\hbox(0.0+0.0)x0.0
.\glue 0.0
.\hbox(7.05666+0.0)x0.0
..\glue 0.0
..\glue -21.90005
..\glue -5.475
..\hbox(7.05666+0.0)x21.90005, glue set 21.90005fil
...\glue 0.0 plus 1.0fil minus 1.0fil
...\hbox(7.05666+0.0)x0.0, glue set - 8.51668fil []
..\glue 5.475
.\penalty 0
.\elvrm I
.etc.


Overfull \hbox (49.21484pt too wide) in paragraph at lines 138--142
\elvrm You can get this com-piled lispview file (lispview.sbin) via anony-mous 
ftp from white.stanford.edu. 

\hbox(8.2125+2.73749)x406.24493, glue set - 1.0
.\elvrm Y
.\kern-0.91252
.\elvrm o
.\elvrm u
.\glue 3.65 plus 1.825 minus 1.21666
.etc.


Overfull \hbox (101.52928pt too wide) in paragraph at lines 172--174
[] []\elvrm Load LispView if you are run-ning on a Sun plat-form by typ-ing \el
vtt (load "<lispview>/lispview.sbin")\elvrm . 

\hbox(7.60416+2.43333)x382.1549, glue set - 1.0
.\hbox(0.0+0.0)x0.0
.\glue 0.0
.\hbox(4.86667+0.0)x0.0
..\glue 0.0
..\glue -18.61502
..\glue -5.475
..\hbox(4.86667+0.0)x18.61502, glue set 18.61502fil
...\glue 0.0 plus 1.0fil minus 1.0fil
...\hbox(4.86667+0.0)x0.0, glue set - 5.475fil []
..\glue 5.475
.\penalty 0
.\elvrm L
.etc.

[104]
Overfull \hbox (30.65533pt too wide) in paragraph at lines 214--214
 []  \elvtt (cl-add-obvius-key-bindings)) ;add bindings to cl-shell-mode and li
sp-mode[] 

\hbox(7.60416+2.43333)x433.62
.\glue(\leftskip) 27.37506
.\hbox(0.0+0.0)x0.0
.\penalty 10000
.\glue 5.74869
.\penalty 10000
.etc.


Overfull \hbox (17.87375pt too wide) in paragraph at lines 226--233
\elvtt run-cl\elvrm . Doc-u-men-ta-tion for the cl-shell en-vi-ron-ment is in t
he file \elvtt <emacs-extensions>\elvrm /cl-

\hbox(8.2125+2.73749)x406.24493, glue set - 1.0
.\elvtt r
.\elvtt u
.\elvtt n
.\elvtt -
.\elvtt c
.etc.

) [105] (release-notes.tex
Overfull \hbox (35.92018pt too wide) in paragraph at lines 35--54
[] []\elvrm The fol-low-ing global pa-ram-e-ters have gone away: \elvtt *SEQ-DI
SPLAY-TYPE*\elvrm , \elvtt *DEFAULT-DF-SIZE*\elvrm ,

\hbox(7.60416+2.12917)x406.24493, glue set - 1.0
.\hbox(0.0+0.0)x0.0
.\glue 0.0
.\hbox(4.86667+0.0)x0.0
..\glue 0.0
..\glue -21.90005
..\glue -5.475
..\hbox(4.86667+0.0)x21.90005, glue set 21.90005fil
...\glue 0.0 plus 1.0fil minus 1.0fil
...\hbox(4.86667+0.0)x0.0, glue set - 5.475fil []
..\glue 5.475
.\penalty 0
.\elvrm T
.etc.


Overfull \hbox (16.3599pt too wide) in paragraph at lines 35--54
\elvtt *DEFAULT-NUMBER-OF-BINS*\elvrm , \elvtt *AUTO-SCALE-IMAGES*\elvrm , \elv
tt *GAMMA-CORRECT*\elvrm , \elvtt *GRAY-SCALE*\elvrm ,

\hbox(6.69167+2.12917)x406.24493, glue set - 1.0
.\elvtt *
.\elvtt D
.\elvtt E
.\elvtt F
.\elvtt A
.etc.


Overfull \hbox (85.34415pt too wide) in paragraph at lines 35--54
\elvtt *GRAY-PEDESTAL*\elvrm , \elvtt *AUTO-SCALE-COMPOUND-IMAGES*\elvrm , \elv
tt *RETAIN-GRAPHS*\elvrm , \elvtt *INDEPENDENT-PARAMETERS*\elvrm ,

\hbox(6.69167+2.12917)x406.24493, glue set - 1.0
.\elvtt *
.\elvtt G
.\elvtt R
.\elvtt A
.\elvtt Y
.etc.


Overfull \hbox (22.13893pt too wide) in paragraph at lines 35--54
\elvtt *DEFAULT-PASTEUP-FORMAT*\elvrm , \elvtt *AUTO-SCALE-VECTOR-FIELDS*\elvrm
 , \elvtt *VECTOR-FIELD-DENSITY*\elvrm ,

\hbox(6.69167+2.12917)x406.24493, glue set - 1.0
.\elvtt *
.\elvtt D
.\elvtt E
.\elvtt F
.\elvtt A
.etc.


Overfull \hbox (131.33365pt too wide) in paragraph at lines 35--54
\elvtt *VECTOR-FIELD-MAGNIFY*\elvrm , \elvtt *VECTOR-FIELD-LENGTHEN*\elvrm , \e
lvtt *VECTOR-FIELD-SKIP*\elvrm , \elvtt *VECTOR-FIELD-ARROW-HEADS*\elvrm .

\hbox(6.69167+2.12917)x406.24493, glue set - 1.0
.\elvtt *
.\elvtt V
.\elvtt E
.\elvtt C
.\elvtt T
.etc.

[106


]
Overfull \hbox (3.09pt too wide) in paragraph at lines 101--104
\elvrm stead of strings. The cur-rent list is: \elvtt nil (wrap), :dont-compute
, :zero, :repeat,

\hbox(7.60416+2.43333)x406.24493, glue set - 1.0
.\elvrm s
.\elvrm t
.\elvrm e
.\elvrm a
.\elvrm d
.etc.


Overfull \hbox (73.12868pt too wide) in paragraph at lines 119--123
[] []\elvrm The \elvtt *auto-scrounge! \elvrm pa-ram-e-ter has been elim-i-nate
d. A new pa-ram-e-ter, \elvtt *auto-destroy-orphans*[]\elvrm ,

\hbox(7.60416+2.43333)x406.24493, glue set - 1.0
.\hbox(0.0+0.0)x0.0
.\glue 0.0
.\hbox(4.86667+0.0)x0.0
..\glue 0.0
..\glue -21.90005
..\glue -5.475
..\hbox(4.86667+0.0)x21.90005, glue set 21.90005fil
...\glue 0.0 plus 1.0fil minus 1.0fil
...\hbox(4.86667+0.0)x0.0, glue set - 5.475fil []
..\glue 5.475
.\penalty 0
.\elvrm T
.etc.

[107] [108]
Overfull \hbox (19.87102pt too wide) in paragraph at lines 194--196
[] []\elvrm Big speedup in most syn-thetic im-age gen-er-a-tion code. (eg. \elv
tt make-uniform-random-image,

\hbox(8.2125+2.73749)x406.24493, glue set - 1.0
.\hbox(0.0+0.0)x0.0
.\glue 0.0
.\hbox(4.86667+0.0)x0.0
..\glue 0.0
..\glue -21.90005
..\glue -5.475
..\hbox(4.86667+0.0)x21.90005, glue set 21.90005fil
...\glue 0.0 plus 1.0fil minus 1.0fil
...\hbox(4.86667+0.0)x0.0, glue set - 5.475fil []
..\glue 5.475
.\penalty 0
.\elvrm B
.etc.


Overfull \hbox (43.36156pt too wide) in paragraph at lines 229--238
\elvtt polar-to-complex\elvrm ), and then do the arith-metic. \elvtt polar-to-r
ect[] \elvrm re-named \elvtt polar-to-complex[]\elvrm ,

\hbox(8.2125+2.73749)x406.24493, glue set - 1.0
.\elvtt p
.\elvtt o
.\elvtt l
.\elvtt a
.\elvtt r
.etc.

[109]
Overfull \hbox (38.32442pt too wide) in paragraph at lines 258--261
[] []\elvrm One-d-images can now be made by spec-i-fy-ing only the 1 rel-e-vant
 size, e.g., \elvtt (make-sin-grating

\hbox(7.60416+2.43333)x406.24493, glue set - 1.0
.\hbox(0.0+0.0)x0.0
.\glue 0.0
.\hbox(4.86667+0.0)x0.0
..\glue 0.0
..\glue -21.90005
..\glue -5.475
..\hbox(4.86667+0.0)x21.90005, glue set 21.90005fil
...\glue 0.0 plus 1.0fil minus 1.0fil
...\hbox(4.86667+0.0)x0.0, glue set - 5.475fil []
..\glue 5.475
.\penalty 0
.\elvrm O
.etc.


Overfull \hbox (18.55339pt too wide) in paragraph at lines 281--288
\elvrm queue forms for ex-e-cu-tion by the top-level loop us-ing the func-tion 
\elvtt push-onto-eval-queue\elvrm . 

\hbox(7.60416+2.43333)x406.24493, glue set - 1.0
.\elvrm q
.\elvrm u
.\elvrm e
.\elvrm u
.\elvrm e
.etc.

[110] [111]
Overfull \hbox (31.20578pt too wide) in paragraph at lines 409--412
[] []\elvrm Arglists have been made more con-sis-tent for \elvtt crop[]\elvrm ,
 \elvtt paste[]\elvrm , \elvtt make-slice[]\elvrm , and \elvtt circular-shift[]
\elvrm .

\hbox(7.60416+2.43333)x406.24493, glue set - 1.0
.\hbox(0.0+0.0)x0.0
.\glue 0.0
.\hbox(4.86667+0.0)x0.0
..\glue 0.0
..\glue -21.90005
..\glue -5.475
..\hbox(4.86667+0.0)x21.90005, glue set 21.90005fil
...\glue 0.0 plus 1.0fil minus 1.0fil
...\hbox(4.86667+0.0)x0.0, glue set - 5.475fil []
..\glue 5.475
.\penalty 0
.\elvrm A
.etc.

[112]) [113] (bugs.tex) [114


] (index.tex
Overfull \hbox (4.54121pt too wide) in paragraph at lines 21--22
[]\elvtt *auto-destroy-orphans* \elvrm 107, 108, 12, 13,

\hbox(7.05666+2.43333)x199.31, glue set - 1.0
.\hbox(0.0+0.0)x0.0
.\elvtt *
.\elvtt a
.\elvtt u
.\elvtt t
.etc.

[115




] [116] [117] [118] [119] [120] [121] [122]) (main.aux (copyright.aux)
(intro.aux) (organization.aux) (viewables.aux) (pictures.aux) (operations.aux)
(data-analysis.aux) (user-interface.aux) (hacking.aux) (install.aux)
(release-notes.aux) (bugs.aux)) ) 
Here is how much of TeX's memory you used:
 458 strings out of 4463
 4257 string characters out of 63319
 42639 words of memory out of 262141
 2185 multiletter control sequences out of 9500
 19281 words of font info for 73 fonts, out of 72000 for 255
 14 hyphenation exceptions out of 607
 16i,10n,18p,505b,437s stack positions out of 300i,40n,60p,3000b,4000s

Output written on main.dvi (124 pages, 361832 bytes).
